[
  {
    "line": 2,
    "elements": [
      {
        "line": 4,
        "name": "",
        "description": "",
        "type": "background",
        "keyword": "Background",
        "steps": [
          {
            "result": {
              "duration": 1104539400,
              "status": "passed"
            },
            "line": 5,
            "name": "user is on the Email Template page",
            "match": {
              "location": "Header_Web_Steps.user_is_on_the_Email_Template_page()"
            },
            "keyword": "Given "
          }
        ]
      },
      {
        "before": [
          {
            "result": {
              "duration": 13746175200,
              "status": "passed"
            },
            "match": {
              "location": "Hooks.openBrowser(Scenario)"
            }
          }
        ],
        "line": 13,
        "name": "Validate Footer Social Icons",
        "description": "",
        "id": "footer-validation;validate-footer-social-icons",
        "after": [
          {
            "result": {
              "duration": 14015896500,
              "error_message": "org.openqa.selenium.WebDriverException: chrome not reachable\n  (Session info: chrome\u003d79.0.3945.130)\nBuild info: version: \u00273.12.0\u0027, revision: \u00277c6e0b3\u0027, time: \u00272018-05-08T14:04:26.12Z\u0027\nSystem info: host: \u0027WKWIN1292177\u0027, ip: \u002710.150.177.129\u0027, os.name: \u0027Windows 10\u0027, os.arch: \u0027amd64\u0027, os.version: \u002710.0\u0027, java.version: \u00271.8.0_211\u0027\nDriver info: org.openqa.selenium.chrome.ChromeDriver\nCapabilities {acceptInsecureCerts: false, browserName: chrome, browserVersion: 79.0.3945.130, chrome: {chromedriverVersion: 79.0.3945.36 (3582db32b3389..., userDataDir: C:\\Users\\susrai\\AppData\\Loc...}, goog:chromeOptions: {debuggerAddress: localhost:50724}, javascriptEnabled: true, networkConnectionEnabled: false, pageLoadStrategy: normal, platform: WINDOWS, platformName: WINDOWS, proxy: Proxy(), setWindowRect: true, strictFileInteractability: false, timeouts: {implicit: 0, pageLoad: 300000, script: 30000}, unhandledPromptBehavior: dismiss and notify}\nSession ID: 206c5d7ef8dd64d095ce0d9c7c830c78\r\n\tat sun.reflect.NativeConstructorAccessorImpl.newInstance0(Native Method)\r\n\tat sun.reflect.NativeConstructorAccessorImpl.newInstance(NativeConstructorAccessorImpl.java:62)\r\n\tat sun.reflect.DelegatingConstructorAccessorImpl.newInstance(DelegatingConstructorAccessorImpl.java:45)\r\n\tat java.lang.reflect.Constructor.newInstance(Constructor.java:423)\r\n\tat org.openqa.selenium.remote.http.W3CHttpResponseCodec.createException(W3CHttpResponseCodec.java:187)\r\n\tat org.openqa.selenium.remote.http.W3CHttpResponseCodec.decode(W3CHttpResponseCodec.java:122)\r\n\tat org.openqa.selenium.remote.http.W3CHttpResponseCodec.decode(W3CHttpResponseCodec.java:49)\r\n\tat org.openqa.selenium.remote.HttpCommandExecutor.execute(HttpCommandExecutor.java:158)\r\n\tat org.openqa.selenium.remote.service.DriverCommandExecutor.execute(DriverCommandExecutor.java:83)\r\n\tat org.openqa.selenium.remote.RemoteWebDriver.execute(RemoteWebDriver.java:543)\r\n\tat org.openqa.selenium.remote.RemoteWebDriver.execute(RemoteWebDriver.java:600)\r\n\tat org.openqa.selenium.remote.RemoteWebDriver.getScreenshotAs(RemoteWebDriver.java:289)\r\n\tat com.steps_definition.Hooks.tearDown(Hooks.java:36)\r\n\tat sun.reflect.NativeMethodAccessorImpl.invoke0(Native Method)\r\n\tat sun.reflect.NativeMethodAccessorImpl.invoke(NativeMethodAccessorImpl.java:62)\r\n\tat sun.reflect.DelegatingMethodAccessorImpl.invoke(DelegatingMethodAccessorImpl.java:43)\r\n\tat java.lang.reflect.Method.invoke(Method.java:498)\r\n\tat cucumber.runtime.Utils$1.call(Utils.java:37)\r\n\tat cucumber.runtime.Timeout.timeout(Timeout.java:13)\r\n\tat cucumber.runtime.Utils.invoke(Utils.java:31)\r\n\tat cucumber.runtime.java.JavaHookDefinition.execute(JavaHookDefinition.java:60)\r\n\tat cucumber.runtime.Runtime.runHookIfTagsMatch(Runtime.java:223)\r\n\tat cucumber.runtime.Runtime.runHooks(Runtime.java:211)\r\n\tat cucumber.runtime.Runtime.runAfterHooks(Runtime.java:205)\r\n\tat cucumber.runtime.model.CucumberScenario.run(CucumberScenario.java:46)\r\n\tat cucumber.runtime.model.CucumberFeature.run(CucumberFeature.java:165)\r\n\tat cucumber.api.testng.TestNGCucumberRunner.runCucumber(TestNGCucumberRunner.java:63)\r\n\tat cucumber.api.testng.AbstractTestNGCucumberTests.feature(AbstractTestNGCucumberTests.java:21)\r\n\tat sun.reflect.NativeMethodAccessorImpl.invoke0(Native Method)\r\n\tat sun.reflect.NativeMethodAccessorImpl.invoke(NativeMethodAccessorImpl.java:62)\r\n\tat sun.reflect.DelegatingMethodAccessorImpl.invoke(DelegatingMethodAccessorImpl.java:43)\r\n\tat java.lang.reflect.Method.invoke(Method.java:498)\r\n\tat org.testng.internal.MethodInvocationHelper.invokeMethod(MethodInvocationHelper.java:133)\r\n\tat org.testng.internal.TestInvoker.invokeMethod(TestInvoker.java:584)\r\n\tat org.testng.internal.TestInvoker.invokeTestMethod(TestInvoker.java:172)\r\n\tat org.testng.internal.MethodRunner.runInSequence(MethodRunner.java:46)\r\n\tat org.testng.internal.TestInvoker$MethodInvocationAgent.invoke(TestInvoker.java:804)\r\n\tat org.testng.internal.TestInvoker.invokeTestMethods(TestInvoker.java:145)\r\n\tat org.testng.internal.TestMethodWorker.invokeTestMethods(TestMethodWorker.java:146)\r\n\tat org.testng.internal.TestMethodWorker.run(TestMethodWorker.java:128)\r\n\tat java.util.ArrayList.forEach(ArrayList.java:1257)\r\n\tat org.testng.TestRunner.privateRun(TestRunner.java:770)\r\n\tat org.testng.TestRunner.run(TestRunner.java:591)\r\n\tat org.testng.SuiteRunner.runTest(SuiteRunner.java:402)\r\n\tat org.testng.SuiteRunner.access$000(SuiteRunner.java:41)\r\n\tat org.testng.SuiteRunner$SuiteWorker.run(SuiteRunner.java:443)\r\n\tat org.testng.internal.thread.ThreadUtil.lambda$execute$0(ThreadUtil.java:67)\r\n\tat java.util.concurrent.FutureTask.run(FutureTask.java:266)\r\n\tat java.util.concurrent.ThreadPoolExecutor.runWorker(ThreadPoolExecutor.java:1149)\r\n\tat java.util.concurrent.ThreadPoolExecutor$Worker.run(ThreadPoolExecutor.java:624)\r\n\tat java.lang.Thread.run(Thread.java:748)\r\n",
              "status": "failed"
            },
            "match": {
              "location": "Hooks.tearDown(Scenario)"
            }
          }
        ],
        "type": "scenario",
        "keyword": "Scenario",
        "steps": [
          {
            "result": {
              "duration": 250878900,
              "status": "passed"
            },
            "line": 14,
            "name": "Footer Social Icons should be displayed",
            "match": {
              "location": "Footer_Web_Steps.footer_Social_Icons_should_be_displayed()"
            },
            "keyword": "Then "
          },
          {
            "result": {
              "duration": 14510085300,
              "error_message": "org.openqa.selenium.WebDriverException: chrome not reachable\n  (Session info: chrome\u003d79.0.3945.130)\nBuild info: version: \u00273.12.0\u0027, revision: \u00277c6e0b3\u0027, time: \u00272018-05-08T14:04:26.12Z\u0027\nSystem info: host: \u0027WKWIN1292177\u0027, ip: \u002710.150.177.129\u0027, os.name: \u0027Windows 10\u0027, os.arch: \u0027amd64\u0027, os.version: \u002710.0\u0027, java.version: \u00271.8.0_211\u0027\nDriver info: org.openqa.selenium.chrome.ChromeDriver\nCapabilities {acceptInsecureCerts: false, browserName: chrome, browserVersion: 79.0.3945.130, chrome: {chromedriverVersion: 79.0.3945.36 (3582db32b3389..., userDataDir: C:\\Users\\susrai\\AppData\\Loc...}, goog:chromeOptions: {debuggerAddress: localhost:50724}, javascriptEnabled: true, networkConnectionEnabled: false, pageLoadStrategy: normal, platform: WINDOWS, platformName: WINDOWS, proxy: Proxy(), setWindowRect: true, strictFileInteractability: false, timeouts: {implicit: 0, pageLoad: 300000, script: 30000}, unhandledPromptBehavior: dismiss and notify}\nSession ID: 206c5d7ef8dd64d095ce0d9c7c830c78\r\n\tat sun.reflect.NativeConstructorAccessorImpl.newInstance0(Native Method)\r\n\tat sun.reflect.NativeConstructorAccessorImpl.newInstance(NativeConstructorAccessorImpl.java:62)\r\n\tat sun.reflect.DelegatingConstructorAccessorImpl.newInstance(DelegatingConstructorAccessorImpl.java:45)\r\n\tat java.lang.reflect.Constructor.newInstance(Constructor.java:423)\r\n\tat org.openqa.selenium.remote.http.W3CHttpResponseCodec.createException(W3CHttpResponseCodec.java:187)\r\n\tat org.openqa.selenium.remote.http.W3CHttpResponseCodec.decode(W3CHttpResponseCodec.java:122)\r\n\tat org.openqa.selenium.remote.http.W3CHttpResponseCodec.decode(W3CHttpResponseCodec.java:49)\r\n\tat org.openqa.selenium.remote.HttpCommandExecutor.execute(HttpCommandExecutor.java:158)\r\n\tat org.openqa.selenium.remote.service.DriverCommandExecutor.execute(DriverCommandExecutor.java:83)\r\n\tat org.openqa.selenium.remote.RemoteWebDriver.execute(RemoteWebDriver.java:543)\r\n\tat org.openqa.selenium.remote.RemoteWebDriver.execute(RemoteWebDriver.java:600)\r\n\tat org.openqa.selenium.remote.RemoteWebDriver.getCurrentUrl(RemoteWebDriver.java:281)\r\n\tat com.page.methods.Footer_Web_Methods.switchToactiveWindow2(Footer_Web_Methods.java:62)\r\n\tat com.page.methods.Footer_Web_Methods.clickSocialIcons(Footer_Web_Methods.java:48)\r\n\tat com.steps_definition.Footer_Web_Steps.user_click_on_Social_Icons(Footer_Web_Steps.java:27)\r\n\tat âœ½.When User click on Social Icons(Footer.feature:15)\r\n",
              "status": "failed"
            },
            "line": 15,
            "name": "User click on Social Icons",
            "match": {
              "location": "Footer_Web_Steps.user_click_on_Social_Icons()"
            },
            "keyword": "When "
          },
          {
            "result": {
              "status": "skipped"
            },
            "line": 16,
            "name": "should navigate to corresponding URL",
            "match": {
              "location": "Footer_Web_Steps.should_navigate_to_corresponding_URL()"
            },
            "keyword": "Then "
          }
        ],
        "tags": [
          {
            "line": 12,
            "name": "@Footer2"
          }
        ]
      }
    ],
    "name": "Footer Validation",
    "description": "",
    "id": "footer-validation",
    "keyword": "Feature",
    "uri": "Footer.feature",
    "tags": [
      {
        "line": 1,
        "name": "@Footer"
      }
    ]
  }
]